<?xml version="1.0" encoding="UTF-8"?>
<!-- Generated by org.testng.reporters.JUnitReportReporter -->
<testsuite hostname="Hanumaraddys-MacBook-Air.local" failures="0" tests="2" name="tests.BlockTests" time="0.594" errors="0" timestamp="2024-10-12T20:29:35 IST" skipped="0">
  <testcase classname="tests.BlockTests" name="testValidateTransactionText" time="0.557"/>
  <system-out/>
  <testcase classname="tests.BlockTests" name="testValidateTransactionsWithOneInputTwoOutputs" time="0.037"/>
  <system-out/>
</testsuite> <!-- tests.BlockTests -->
